\BOOKMARK [1][-]{section*.1}{Preface}{}
\BOOKMARK [1][-]{section*.5}{Acknowledgements}{}
\BOOKMARK [1][-]{section*.6}{Formal notations}{}
\BOOKMARK [0][-]{chapter.1}{Introduction}{}
\BOOKMARK [0][-]{chapter.2}{Background}{}
\BOOKMARK [1][-]{section.2.1}{DSP-C}{chapter.2}
\BOOKMARK [1][-]{section.2.2}{Contract programming}{chapter.2}
\BOOKMARK [1][-]{section.2.3}{Satisfiability \(SAT\)}{chapter.2}
\BOOKMARK [1][-]{section.2.4}{CBMC}{chapter.2}
\BOOKMARK [1][-]{section.2.5}{Verifying properties of thread local and concurrent threads}{chapter.2}
\BOOKMARK [0][-]{chapter.3}{Related work}{}
\BOOKMARK [0][-]{chapter.4}{Multicore Hardware Model}{}
\BOOKMARK [1][-]{section.4.1}{Computing platforms}{chapter.4}
\BOOKMARK [1][-]{section.4.2}{Multicore Memory models}{chapter.4}
\BOOKMARK [1][-]{section.4.3}{Data sharing}{chapter.4}
\BOOKMARK [0][-]{chapter.5}{Implementation}{}
\BOOKMARK [1][-]{section.5.1}{DSP-C support}{chapter.5}
\BOOKMARK [1][-]{section.5.2}{Contract verification}{chapter.5}
\BOOKMARK [1][-]{section.5.3}{Platform specific libraries and macro support}{chapter.5}
\BOOKMARK [0][-]{chapter.6}{Discussion and Conclusion}{}
\BOOKMARK [0][-]{chapter.7}{Future Work}{}
\BOOKMARK [0][-]{section*.34}{Bibliography}{}
